Copyright 1986-2021 Xilinx, Inc. All Rights Reserved.
--------------------------------------------------------------------------------------
| Tool Version : Vivado v.2021.2 (win64) Build 3367213 Tue Oct 19 02:48:09 MDT 2021
| Date         : Sat Jan  1 13:09:13 2022
| Host         : Vozeo running 64-bit major release  (build 9200)
| Command      : report_clock_utilization -file AICamera_clock_utilization_routed.rpt
| Design       : AICamera
| Device       : 7a100t-csg324
| Speed File   : -1  PRODUCTION 1.23 2018-06-13
| Design State : Routed
--------------------------------------------------------------------------------------

Clock Utilization Report

Table of Contents
-----------------
1. Clock Primitive Utilization
2. Global Clock Resources
3. Global Clock Source Details
4. Local Clock Details
5. Clock Regions: Key Resource Utilization
6. Clock Regions : Global Clock Summary
7. Device Cell Placement Summary for Global Clock g0
8. Device Cell Placement Summary for Global Clock g1
9. Device Cell Placement Summary for Global Clock g2
10. Device Cell Placement Summary for Global Clock g3
11. Device Cell Placement Summary for Global Clock g4
12. Device Cell Placement Summary for Global Clock g5
13. Clock Region Cell Placement per Global Clock: Region X0Y0
14. Clock Region Cell Placement per Global Clock: Region X1Y0
15. Clock Region Cell Placement per Global Clock: Region X0Y1
16. Clock Region Cell Placement per Global Clock: Region X1Y1
17. Clock Region Cell Placement per Global Clock: Region X0Y2
18. Clock Region Cell Placement per Global Clock: Region X1Y2
19. Clock Region Cell Placement per Global Clock: Region X0Y3
20. Clock Region Cell Placement per Global Clock: Region X1Y3

1. Clock Primitive Utilization
------------------------------

+----------+------+-----------+-----+--------------+--------+
| Type     | Used | Available | LOC | Clock Region | Pblock |
+----------+------+-----------+-----+--------------+--------+
| BUFGCTRL |    6 |        32 |   0 |            0 |      0 |
| BUFH     |    0 |        96 |   0 |            0 |      0 |
| BUFIO    |    0 |        24 |   0 |            0 |      0 |
| BUFMR    |    0 |        12 |   0 |            0 |      0 |
| BUFR     |    0 |        24 |   0 |            0 |      0 |
| MMCM     |    1 |         6 |   0 |            0 |      0 |
| PLL      |    0 |         6 |   0 |            0 |      0 |
+----------+------+-----------+-----+--------------+--------+


2. Global Clock Resources
-------------------------

+-----------+-----------+-----------------+------------+----------------+--------------+-------------------+-------------+-----------------+--------------+--------------------+----------------------------+-------------------------------------+
| Global Id | Source Id | Driver Type/Pin | Constraint | Site           | Clock Region | Load Clock Region | Clock Loads | Non-Clock Loads | Clock Period | Clock              | Driver Pin                 | Net                                 |
+-----------+-----------+-----------------+------------+----------------+--------------+-------------------+-------------+-----------------+--------------+--------------------+----------------------------+-------------------------------------+
| g0        | src0      | BUFG/O          | None       | BUFGCTRL_X0Y18 | n/a          |                 8 |         910 |               0 |       10.000 | clk_out4_clk_wiz_0 | clk_wiz/inst/clkout4_buf/O | clk_wiz/inst/clk_out4               |
| g1        | src1      | BUFG/O          | None       | BUFGCTRL_X0Y17 | n/a          |                 4 |         504 |               0 |       10.000 | clk_out2_clk_wiz_0 | clk_wiz/inst/clkout2_buf/O | clk_wiz/inst/clk_out2               |
| g2        | src2      | BUFG/O          | None       | BUFGCTRL_X0Y16 | n/a          |                 2 |          79 |               1 |       40.000 | clk_out3_clk_wiz_0 | clk_wiz/inst/clkout3_buf/O | clk_wiz/inst/clk_out3               |
| g3        | src3      | BUFG/O          | None       | BUFGCTRL_X0Y0  | n/a          |                 2 |          70 |               0 |              |                    | pclk_IBUF_BUFG_inst/O      | pclk_IBUF_BUFG                      |
| g4        | src4      | BUFG/O          | None       | BUFGCTRL_X0Y19 | n/a          |                 1 |          26 |               0 |       39.722 | clk_out1_clk_wiz_0 | clk_wiz/inst/clkout1_buf/O | clk_wiz/inst/clk_out1               |
| g5        | src5      | BUFG/O          | None       | BUFGCTRL_X0Y20 | n/a          |                 1 |           1 |               0 |       10.000 | clkfbout_clk_wiz_0 | clk_wiz/inst/clkf_buf/O    | clk_wiz/inst/clkfbout_buf_clk_wiz_0 |
+-----------+-----------+-----------------+------------+----------------+--------------+-------------------+-------------+-----------------+--------------+--------------------+----------------------------+-------------------------------------+
* Clock Loads column represents the clock pin loads (pin count)
** Non-Clock Loads column represents the non-clock pin loads (pin count)


3. Global Clock Source Details
------------------------------

+-----------+-----------+---------------------+------------+-----------------+--------------+-------------+-----------------+---------------------+--------------------+-------------------------------------+---------------------------------+
| Source Id | Global Id | Driver Type/Pin     | Constraint | Site            | Clock Region | Clock Loads | Non-Clock Loads | Source Clock Period | Source Clock       | Driver Pin                          | Net                             |
+-----------+-----------+---------------------+------------+-----------------+--------------+-------------+-----------------+---------------------+--------------------+-------------------------------------+---------------------------------+
| src0      | g0        | MMCME2_ADV/CLKOUT3  | None       | MMCME2_ADV_X1Y2 | X1Y2         |           1 |               0 |              10.000 | clk_out4_clk_wiz_0 | clk_wiz/inst/mmcm_adv_inst/CLKOUT3  | clk_wiz/inst/clk_out4_clk_wiz_0 |
| src1      | g1        | MMCME2_ADV/CLKOUT1  | None       | MMCME2_ADV_X1Y2 | X1Y2         |           1 |               0 |              10.000 | clk_out2_clk_wiz_0 | clk_wiz/inst/mmcm_adv_inst/CLKOUT1  | clk_wiz/inst/clk_out2_clk_wiz_0 |
| src2      | g2        | MMCME2_ADV/CLKOUT2  | None       | MMCME2_ADV_X1Y2 | X1Y2         |           1 |               0 |              40.000 | clk_out3_clk_wiz_0 | clk_wiz/inst/mmcm_adv_inst/CLKOUT2  | clk_wiz/inst/clk_out3_clk_wiz_0 |
| src3      | g3        | IBUF/O              | IOB_X0Y140 | IOB_X0Y140      | X0Y2         |           1 |               0 |                     |                    | pclk_IBUF_inst/O                    | pclk_IBUF                       |
| src4      | g4        | MMCME2_ADV/CLKOUT0  | None       | MMCME2_ADV_X1Y2 | X1Y2         |           1 |               0 |              39.722 | clk_out1_clk_wiz_0 | clk_wiz/inst/mmcm_adv_inst/CLKOUT0  | clk_wiz/inst/clk_out1_clk_wiz_0 |
| src5      | g5        | MMCME2_ADV/CLKFBOUT | None       | MMCME2_ADV_X1Y2 | X1Y2         |           1 |               0 |              10.000 | clkfbout_clk_wiz_0 | clk_wiz/inst/mmcm_adv_inst/CLKFBOUT | clk_wiz/inst/clkfbout_clk_wiz_0 |
+-----------+-----------+---------------------+------------+-----------------+--------------+-------------+-----------------+---------------------+--------------------+-------------------------------------+---------------------------------+
* Clock Loads column represents the clock pin loads (pin count)
** Non-Clock Loads column represents the non-clock pin loads (pin count)


4. Local Clock Details
----------------------

+----------+-----------------+------------+------------------+--------------+-------------+-----------------+--------------+-------+------------------------------+------------------------+
| Local Id | Driver Type/Pin | Constraint | Site/BEL         | Clock Region | Clock Loads | Non-Clock Loads | Clock Period | Clock | Driver Pin                   | Net                    |
+----------+-----------------+------------+------------------+--------------+-------------+-----------------+--------------+-------+------------------------------+------------------------||
| 0        | FDRE/Q          | None       | SLICE_X53Y90/AFF | X1Y1         |          24 |               1 |              |       | uart/uartOut/trans_clk_reg/Q | uart/uartOut/trans_clk - Static -
+----------+-----------------+------------+------------------+--------------+-------------+-----------------+--------------+-------+------------------------------+------------------------||
* Local Clocks in this context represents only clocks driven by non-global buffers
** Clock Loads column represents the clock pin loads (pin count)
*** Non-Clock Loads column represents the non-clock pin loads (pin count)


5. Clock Regions: Key Resource Utilization
------------------------------------------

+-------------------+--------------+--------------+--------------+--------------+--------------+--------------+--------------+--------------+--------------+--------------+--------------+--------------+--------------+--------------+--------------+
|                   | Global Clock |     BUFRs    |    BUFMRs    |    BUFIOs    |     MMCM     |      PLL     |      GT      |      PCI     |    ILOGIC    |    OLOGIC    |      FF      |     LUTM     |    RAMB18    |    RAMB36    |    DSP48E2   |
+-------------------+------+-------+------+-------+------+-------+------+-------+------+-------+------+-------+------+-------+------+-------+------+-------+------+-------+------+-------+------+-------+------+-------+------+-------+------+-------+
| Clock Region Name | Used | Avail | Used | Avail | Used | Avail | Used | Avail | Used | Avail | Used | Avail | Used | Avail | Used | Avail | Used | Avail | Used | Avail | Used | Avail | Used | Avail | Used | Avail | Used | Avail | Used | Avail |
+-------------------+------+-------+------+-------+------+-------+------+-------+------+-------+------+-------+------+-------+------+-------+------+-------+------+-------+------+-------+------+-------+------+-------+------+-------+------+-------+
| X0Y0              |    1 |    12 |    0 |     4 |    0 |     2 |    0 |     4 |    0 |     1 |    0 |     1 |    0 |     0 |    0 |     0 |    0 |    50 |    0 |    50 |   72 |  2600 |   12 |   600 |    0 |    20 |    9 |    10 |    0 |    20 |
| X1Y0              |    1 |    12 |    0 |     0 |    0 |     0 |    0 |     0 |    0 |     0 |    0 |     0 |    0 |     4 |    0 |     0 |    0 |     0 |    0 |     0 |    0 |  1500 |    0 |   550 |    0 |    40 |   10 |    20 |    0 |    40 |
| X0Y1              |    3 |    12 |    0 |     4 |    0 |     2 |    0 |     4 |    0 |     1 |    0 |     1 |    0 |     0 |    0 |     0 |    0 |    50 |    0 |    50 |  356 |  2000 |   87 |   600 |    0 |    20 |   10 |    10 |    0 |    20 |
| X1Y1              |    3 |    12 |    0 |     4 |    0 |     2 |    0 |     4 |    0 |     1 |    0 |     1 |    0 |     0 |    0 |     0 |    0 |    50 |    0 |    50 |  233 |  1900 |   77 |   650 |    0 |    60 |   30 |    30 |    0 |    40 |
| X0Y2              |    4 |    12 |    0 |     4 |    0 |     2 |    0 |     4 |    0 |     1 |    0 |     1 |    0 |     0 |    0 |     0 |    0 |    50 |    0 |    50 |  591 |  2000 |  153 |   600 |    0 |    20 |   10 |    10 |    2 |    20 |
| X1Y2              |    3 |    12 |    0 |     4 |    0 |     2 |    0 |     4 |    1 |     1 |    0 |     1 |    0 |     0 |    0 |     0 |    0 |    50 |    0 |    50 |  109 |  1900 |   32 |   650 |    0 |    60 |   30 |    30 |    0 |    40 |
| X0Y3              |    2 |    12 |    0 |     4 |    0 |     2 |    0 |     4 |    0 |     1 |    0 |     1 |    0 |     0 |    0 |     0 |    0 |    50 |    0 |    50 |   41 |  2600 |   27 |   600 |    0 |    20 |    2 |    10 |    0 |    20 |
| X1Y3              |    1 |    12 |    0 |     0 |    0 |     0 |    0 |     0 |    0 |     0 |    0 |     0 |    0 |     4 |    0 |     1 |    0 |     0 |    0 |     0 |    0 |  1350 |    0 |   500 |    0 |    30 |    3 |    15 |    0 |    40 |
+-------------------+------+-------+------+-------+------+-------+------+-------+------+-------+------+-------+------+-------+------+-------+------+-------+------+-------+------+-------+------+-------+------+-------+------+-------+------+-------+
* Global Clock column represents track count; while other columns represents cell counts


6. Clock Regions : Global Clock Summary
---------------------------------------

All Modules
+----+----+----+
|    | X0 | X1 |
+----+----+----+
| Y3 |  2 |  1 |
| Y2 |  4 |  3 |
| Y1 |  3 |  3 |
| Y0 |  1 |  1 |
+----+----+----+


7. Device Cell Placement Summary for Global Clock g0
----------------------------------------------------

+-----------+-----------------+-------------------+--------------------+-------------+---------------+-------------+----------+----------------+----------+-----------------------+
| Global Id | Driver Type/Pin | Driver Region (D) | Clock              | Period (ns) | Waveform (ns) | Slice Loads | IO Loads | Clocking Loads | GT Loads | Net                   |
+-----------+-----------------+-------------------+--------------------+-------------+---------------+-------------+----------+----------------+----------+-----------------------+
| g0        | BUFG/O          | n/a               | clk_out4_clk_wiz_0 |      10.000 | {0.000 5.000} |         806 |        0 |              0 |        0 | clk_wiz/inst/clk_out4 |
+-----------+-----------------+-------------------+--------------------+-------------+---------------+-------------+----------+----------------+----------+-----------------------+
* Slice Loads column represents load cell count of all cell types other than IO, GT and clock resources
** IO Loads column represents load cell count of IO types
*** Clocking Loads column represents load cell count that are clock resources (global clock buffer, MMCM, PLL, etc)
**** GT Loads column represents load cell count of GT types


+----+------+------+-----------------------+
|    | X0   | X1   | HORIZONTAL PROG DELAY |
+----+------+------+-----------------------+
| Y3 |    1 |    3 |                     0 |
| Y2 |  308 |  111 |                     0 |
| Y1 |  172 |  119 |                     0 |
| Y0 |   81 |   11 |                     0 |
+----+------+------+-----------------------+


8. Device Cell Placement Summary for Global Clock g1
----------------------------------------------------

+-----------+-----------------+-------------------+--------------------+-------------+---------------+-------------+----------+----------------+----------+-----------------------+
| Global Id | Driver Type/Pin | Driver Region (D) | Clock              | Period (ns) | Waveform (ns) | Slice Loads | IO Loads | Clocking Loads | GT Loads | Net                   |
+-----------+-----------------+-------------------+--------------------+-------------+---------------+-------------+----------+----------------+----------+-----------------------+
| g1        | BUFG/O          | n/a               | clk_out2_clk_wiz_0 |      10.000 | {0.000 5.000} |         504 |        0 |              0 |        0 | clk_wiz/inst/clk_out2 |
+-----------+-----------------+-------------------+--------------------+-------------+---------------+-------------+----------+----------------+----------+-----------------------+
* Slice Loads column represents load cell count of all cell types other than IO, GT and clock resources
** IO Loads column represents load cell count of IO types
*** Clocking Loads column represents load cell count that are clock resources (global clock buffer, MMCM, PLL, etc)
**** GT Loads column represents load cell count of GT types


+----+------+-----+-----------------------+
|    | X0   | X1  | HORIZONTAL PROG DELAY |
+----+------+-----+-----------------------+
| Y3 |    0 |   0 |                     - |
| Y2 |  208 |  28 |                     0 |
| Y1 |  192 |  76 |                     0 |
| Y0 |    0 |   0 |                     - |
+----+------+-----+-----------------------+


9. Device Cell Placement Summary for Global Clock g2
----------------------------------------------------

+-----------+-----------------+-------------------+--------------------+-------------+----------------+-------------+----------+----------------+----------+-----------------------+
| Global Id | Driver Type/Pin | Driver Region (D) | Clock              | Period (ns) | Waveform (ns)  | Slice Loads | IO Loads | Clocking Loads | GT Loads | Net                   |
+-----------+-----------------+-------------------+--------------------+-------------+----------------+-------------+----------+----------------+----------+-----------------------+
| g2        | BUFG/O          | n/a               | clk_out3_clk_wiz_0 |      40.000 | {0.000 20.000} |          79 |        1 |              0 |        0 | clk_wiz/inst/clk_out3 |
+-----------+-----------------+-------------------+--------------------+-------------+----------------+-------------+----------+----------------+----------+-----------------------+
* Slice Loads column represents load cell count of all cell types other than IO, GT and clock resources
** IO Loads column represents load cell count of IO types
*** Clocking Loads column represents load cell count that are clock resources (global clock buffer, MMCM, PLL, etc)
**** GT Loads column represents load cell count of GT types


+----+-----+----+-----------------------+
|    | X0  | X1 | HORIZONTAL PROG DELAY |
+----+-----+----+-----------------------+
| Y3 |  42 |  0 |                     0 |
| Y2 |  38 |  0 |                     0 |
| Y1 |   0 |  0 |                     - |
| Y0 |   0 |  0 |                     - |
+----+-----+----+-----------------------+


10. Device Cell Placement Summary for Global Clock g3
-----------------------------------------------------

+-----------+-----------------+-------------------+-------+-------------+---------------+-------------+----------+----------------+----------+----------------+
| Global Id | Driver Type/Pin | Driver Region (D) | Clock | Period (ns) | Waveform (ns) | Slice Loads | IO Loads | Clocking Loads | GT Loads | Net            |
+-----------+-----------------+-------------------+-------+-------------+---------------+-------------+----------+----------------+----------+----------------+
| g3        | BUFG/O          | n/a               |       |             |               |          70 |        0 |              0 |        0 | pclk_IBUF_BUFG |
+-----------+-----------------+-------------------+-------+-------------+---------------+-------------+----------+----------------+----------+----------------+
* Slice Loads column represents load cell count of all cell types other than IO, GT and clock resources
** IO Loads column represents load cell count of IO types
*** Clocking Loads column represents load cell count that are clock resources (global clock buffer, MMCM, PLL, etc)
**** GT Loads column represents load cell count of GT types


+----+----+-----+-----------------------+
|    | X0 | X1  | HORIZONTAL PROG DELAY |
+----+----+-----+-----------------------+
| Y3 |  0 |   0 |                     - |
| Y2 |  0 |   0 |                     - |
| Y1 |  2 |  68 |                     0 |
| Y0 |  0 |   0 |                     - |
+----+----+-----+-----------------------+


11. Device Cell Placement Summary for Global Clock g4
-----------------------------------------------------

+-----------+-----------------+-------------------+--------------------+-------------+----------------+-------------+----------+----------------+----------+-----------------------+
| Global Id | Driver Type/Pin | Driver Region (D) | Clock              | Period (ns) | Waveform (ns)  | Slice Loads | IO Loads | Clocking Loads | GT Loads | Net                   |
+-----------+-----------------+-------------------+--------------------+-------------+----------------+-------------+----------+----------------+----------+-----------------------+
| g4        | BUFG/O          | n/a               | clk_out1_clk_wiz_0 |      39.722 | {0.000 19.861} |          26 |        0 |              0 |        0 | clk_wiz/inst/clk_out1 |
+-----------+-----------------+-------------------+--------------------+-------------+----------------+-------------+----------+----------------+----------+-----------------------+
* Slice Loads column represents load cell count of all cell types other than IO, GT and clock resources
** IO Loads column represents load cell count of IO types
*** Clocking Loads column represents load cell count that are clock resources (global clock buffer, MMCM, PLL, etc)
**** GT Loads column represents load cell count of GT types


+----+-----+----+-----------------------+
|    | X0  | X1 | HORIZONTAL PROG DELAY |
+----+-----+----+-----------------------+
| Y3 |   0 |  0 |                     - |
| Y2 |  26 |  0 |                     0 |
| Y1 |   0 |  0 |                     - |
| Y0 |   0 |  0 |                     - |
+----+-----+----+-----------------------+


12. Device Cell Placement Summary for Global Clock g5
-----------------------------------------------------

+-----------+-----------------+-------------------+--------------------+-------------+---------------+-------------+----------+----------------+----------+-------------------------------------+
| Global Id | Driver Type/Pin | Driver Region (D) | Clock              | Period (ns) | Waveform (ns) | Slice Loads | IO Loads | Clocking Loads | GT Loads | Net                                 |
+-----------+-----------------+-------------------+--------------------+-------------+---------------+-------------+----------+----------------+----------+-------------------------------------+
| g5        | BUFG/O          | n/a               | clkfbout_clk_wiz_0 |      10.000 | {0.000 5.000} |           0 |        0 |              1 |        0 | clk_wiz/inst/clkfbout_buf_clk_wiz_0 |
+-----------+-----------------+-------------------+--------------------+-------------+---------------+-------------+----------+----------------+----------+-------------------------------------+
* Slice Loads column represents load cell count of all cell types other than IO, GT and clock resources
** IO Loads column represents load cell count of IO types
*** Clocking Loads column represents load cell count that are clock resources (global clock buffer, MMCM, PLL, etc)
**** GT Loads column represents load cell count of GT types


+----+----+----+-----------------------+
|    | X0 | X1 | HORIZONTAL PROG DELAY |
+----+----+----+-----------------------+
| Y3 |  0 |  0 |                     - |
| Y2 |  0 |  1 |                     0 |
| Y1 |  0 |  0 |                     - |
| Y0 |  0 |  0 |                     - |
+----+----+----+-----------------------+


13. Clock Region Cell Placement per Global Clock: Region X0Y0
-------------------------------------------------------------

+-----------+-------+-----------------+------------+-------------+-----------------+----+-------------+------+-----+----+------+-----+---------+-----------------------+
| Global Id | Track | Driver Type/Pin | Constraint | Clock Loads | Non-Clock Loads | FF | Memory LUTs | RAMB | DSP | GT | MMCM | PLL | Hard IP | Net                   |
+-----------+-------+-----------------+------------+-------------+-----------------+----+-------------+------+-----+----+------+-----+---------+-----------------------+
| g0        | n/a   | BUFG/O          | None       |          81 |               0 | 72 |           0 |    9 |   0 |  0 |    0 |   0 |       0 | clk_wiz/inst/clk_out4 |
+-----------+-------+-----------------+------------+-------------+-----------------+----+-------------+------+-----+----+------+-----+---------+-----------------------+
* Clock Loads column represents the clock pin loads (pin count)
** Non-Clock Loads column represents the non-clock pin loads (pin count)
*** Columns FF, LUTRAM, RAMB through 'Hard IP' represents load cell counts


14. Clock Region Cell Placement per Global Clock: Region X1Y0
-------------------------------------------------------------

+-----------+-------+-----------------+------------+-------------+-----------------+----+-------------+------+-----+----+------+-----+---------+-----------------------+
| Global Id | Track | Driver Type/Pin | Constraint | Clock Loads | Non-Clock Loads | FF | Memory LUTs | RAMB | DSP | GT | MMCM | PLL | Hard IP | Net                   |
+-----------+-------+-----------------+------------+-------------+-----------------+----+-------------+------+-----+----+------+-----+---------+-----------------------+
| g0        | n/a   | BUFG/O          | None       |          11 |               0 |  0 |           0 |   10 |   0 |  0 |    0 |   0 |       0 | clk_wiz/inst/clk_out4 |
+-----------+-------+-----------------+------------+-------------+-----------------+----+-------------+------+-----+----+------+-----+---------+-----------------------+
* Clock Loads column represents the clock pin loads (pin count)
** Non-Clock Loads column represents the non-clock pin loads (pin count)
*** Columns FF, LUTRAM, RAMB through 'Hard IP' represents load cell counts


15. Clock Region Cell Placement per Global Clock: Region X0Y1
-------------------------------------------------------------

+-----------+-------+-----------------+------------+-------------+-----------------+-----+-------------+------+-----+----+------+-----+---------+-----------------------+
| Global Id | Track | Driver Type/Pin | Constraint | Clock Loads | Non-Clock Loads | FF  | Memory LUTs | RAMB | DSP | GT | MMCM | PLL | Hard IP | Net                   |
+-----------+-------+-----------------+------------+-------------+-----------------+-----+-------------+------+-----+----+------+-----+---------+-----------------------+
| g0        | n/a   | BUFG/O          | None       |         172 |               0 | 162 |           0 |   10 |   0 |  0 |    0 |   0 |       0 | clk_wiz/inst/clk_out4 |
| g1        | n/a   | BUFG/O          | None       |         192 |               0 | 192 |           0 |    0 |   0 |  0 |    0 |   0 |       0 | clk_wiz/inst/clk_out2 |
| g3        | n/a   | BUFG/O          | None       |           2 |               0 |   2 |           0 |    0 |   0 |  0 |    0 |   0 |       0 | pclk_IBUF_BUFG        |
+-----------+-------+-----------------+------------+-------------+-----------------+-----+-------------+------+-----+----+------+-----+---------+-----------------------+
* Clock Loads column represents the clock pin loads (pin count)
** Non-Clock Loads column represents the non-clock pin loads (pin count)
*** Columns FF, LUTRAM, RAMB through 'Hard IP' represents load cell counts


16. Clock Region Cell Placement per Global Clock: Region X1Y1
-------------------------------------------------------------

+-----------+-------+-----------------+------------+-------------+-----------------+----+-------------+------+-----+----+------+-----+---------+-----------------------+
| Global Id | Track | Driver Type/Pin | Constraint | Clock Loads | Non-Clock Loads | FF | Memory LUTs | RAMB | DSP | GT | MMCM | PLL | Hard IP | Net                   |
+-----------+-------+-----------------+------------+-------------+-----------------+----+-------------+------+-----+----+------+-----+---------+-----------------------+
| g0        | n/a   | BUFG/O          | None       |         119 |               0 | 89 |           0 |   30 |   0 |  0 |    0 |   0 |       0 | clk_wiz/inst/clk_out4 |
| g1        | n/a   | BUFG/O          | None       |          76 |               0 | 76 |           0 |    0 |   0 |  0 |    0 |   0 |       0 | clk_wiz/inst/clk_out2 |
| g3        | n/a   | BUFG/O          | None       |          68 |               0 | 68 |           0 |    0 |   0 |  0 |    0 |   0 |       0 | pclk_IBUF_BUFG        |
+-----------+-------+-----------------+------------+-------------+-----------------+----+-------------+------+-----+----+------+-----+---------+-----------------------+
* Clock Loads column represents the clock pin loads (pin count)
** Non-Clock Loads column represents the non-clock pin loads (pin count)
*** Columns FF, LUTRAM, RAMB through 'Hard IP' represents load cell counts


17. Clock Region Cell Placement per Global Clock: Region X0Y2
-------------------------------------------------------------

+-----------+-------+-----------------+------------+-------------+-----------------+-----+-------------+------+-----+----+------+-----+---------+-----------------------+
| Global Id | Track | Driver Type/Pin | Constraint | Clock Loads | Non-Clock Loads | FF  | Memory LUTs | RAMB | DSP | GT | MMCM | PLL | Hard IP | Net                   |
+-----------+-------+-----------------+------------+-------------+-----------------+-----+-------------+------+-----+----+------+-----+---------+-----------------------+
| g0        | n/a   | BUFG/O          | None       |         308 |               0 | 298 |           0 |   10 |   0 |  0 |    0 |   0 |       0 | clk_wiz/inst/clk_out4 |
| g1        | n/a   | BUFG/O          | None       |         208 |               0 | 208 |           0 |    0 |   0 |  0 |    0 |   0 |       0 | clk_wiz/inst/clk_out2 |
| g2        | n/a   | BUFG/O          | None       |          37 |               1 |  37 |           0 |    0 |   0 |  0 |    0 |   0 |       0 | clk_wiz/inst/clk_out3 |
| g4        | n/a   | BUFG/O          | None       |          26 |               0 |  24 |           0 |    0 |   2 |  0 |    0 |   0 |       0 | clk_wiz/inst/clk_out1 |
+-----------+-------+-----------------+------------+-------------+-----------------+-----+-------------+------+-----+----+------+-----+---------+-----------------------+
* Clock Loads column represents the clock pin loads (pin count)
** Non-Clock Loads column represents the non-clock pin loads (pin count)
*** Columns FF, LUTRAM, RAMB through 'Hard IP' represents load cell counts


18. Clock Region Cell Placement per Global Clock: Region X1Y2
-------------------------------------------------------------

+-----------+-------+-----------------+------------+-------------+-----------------+----+-------------+------+-----+----+------+-----+---------+-------------------------------------+
| Global Id | Track | Driver Type/Pin | Constraint | Clock Loads | Non-Clock Loads | FF | Memory LUTs | RAMB | DSP | GT | MMCM | PLL | Hard IP | Net                                 |
+-----------+-------+-----------------+------------+-------------+-----------------+----+-------------+------+-----+----+------+-----+---------+-------------------------------------+
| g0        | n/a   | BUFG/O          | None       |         111 |               0 | 81 |           0 |   30 |   0 |  0 |    0 |   0 |       0 | clk_wiz/inst/clk_out4               |
| g1        | n/a   | BUFG/O          | None       |          28 |               0 | 28 |           0 |    0 |   0 |  0 |    0 |   0 |       0 | clk_wiz/inst/clk_out2               |
| g5        | n/a   | BUFG/O          | None       |           1 |               0 |  0 |           0 |    0 |   0 |  0 |    1 |   0 |       0 | clk_wiz/inst/clkfbout_buf_clk_wiz_0 |
+-----------+-------+-----------------+------------+-------------+-----------------+----+-------------+------+-----+----+------+-----+---------+-------------------------------------+
* Clock Loads column represents the clock pin loads (pin count)
** Non-Clock Loads column represents the non-clock pin loads (pin count)
*** Columns FF, LUTRAM, RAMB through 'Hard IP' represents load cell counts


19. Clock Region Cell Placement per Global Clock: Region X0Y3
-------------------------------------------------------------

+-----------+-------+-----------------+------------+-------------+-----------------+----+-------------+------+-----+----+------+-----+---------+-----------------------+
| Global Id | Track | Driver Type/Pin | Constraint | Clock Loads | Non-Clock Loads | FF | Memory LUTs | RAMB | DSP | GT | MMCM | PLL | Hard IP | Net                   |
+-----------+-------+-----------------+------------+-------------+-----------------+----+-------------+------+-----+----+------+-----+---------+-----------------------+
| g0        | n/a   | BUFG/O          | None       |           1 |               0 |  0 |           0 |    1 |   0 |  0 |    0 |   0 |       0 | clk_wiz/inst/clk_out4 |
| g2        | n/a   | BUFG/O          | None       |          42 |               0 | 41 |           0 |    1 |   0 |  0 |    0 |   0 |       0 | clk_wiz/inst/clk_out3 |
+-----------+-------+-----------------+------------+-------------+-----------------+----+-------------+------+-----+----+------+-----+---------+-----------------------+
* Clock Loads column represents the clock pin loads (pin count)
** Non-Clock Loads column represents the non-clock pin loads (pin count)
*** Columns FF, LUTRAM, RAMB through 'Hard IP' represents load cell counts


20. Clock Region Cell Placement per Global Clock: Region X1Y3
-------------------------------------------------------------

+-----------+-------+-----------------+------------+-------------+-----------------+----+-------------+------+-----+----+------+-----+---------+-----------------------+
| Global Id | Track | Driver Type/Pin | Constraint | Clock Loads | Non-Clock Loads | FF | Memory LUTs | RAMB | DSP | GT | MMCM | PLL | Hard IP | Net                   |
+-----------+-------+-----------------+------------+-------------+-----------------+----+-------------+------+-----+----+------+-----+---------+-----------------------+
| g0        | n/a   | BUFG/O          | None       |           3 |               0 |  0 |           0 |    3 |   0 |  0 |    0 |   0 |       0 | clk_wiz/inst/clk_out4 |
+-----------+-------+-----------------+------------+-------------+-----------------+----+-------------+------+-----+----+------+-----+---------+-----------------------+
* Clock Loads column represents the clock pin loads (pin count)
** Non-Clock Loads column represents the non-clock pin loads (pin count)
*** Columns FF, LUTRAM, RAMB through 'Hard IP' represents load cell counts



# Location of BUFG Primitives 
set_property LOC BUFGCTRL_X0Y0 [get_cells pclk_IBUF_BUFG_inst]
set_property LOC BUFGCTRL_X0Y20 [get_cells clk_wiz/inst/clkf_buf]
set_property LOC BUFGCTRL_X0Y18 [get_cells clk_wiz/inst/clkout4_buf]
set_property LOC BUFGCTRL_X0Y16 [get_cells clk_wiz/inst/clkout3_buf]
set_property LOC BUFGCTRL_X0Y17 [get_cells clk_wiz/inst/clkout2_buf]
set_property LOC BUFGCTRL_X0Y19 [get_cells clk_wiz/inst/clkout1_buf]

# Location of IO Primitives which is load of clock spine
set_property LOC IOB_X0Y121 [get_cells xclk_OBUF_inst]

# Location of clock ports
set_property LOC IOB_X1Y126 [get_ports clk]
set_property LOC IOB_X0Y140 [get_ports pclk]

# Clock net "pclk_IBUF_BUFG" driven by instance "pclk_IBUF_BUFG_inst" located at site "BUFGCTRL_X0Y0"
#startgroup
create_pblock {CLKAG_pclk_IBUF_BUFG}
add_cells_to_pblock [get_pblocks  {CLKAG_pclk_IBUF_BUFG}] [get_cells -filter { PRIMITIVE_GROUP != I/O && IS_PRIMITIVE==1 && PRIMITIVE_LEVEL !=INTERNAL } -of_object [get_pins -filter {DIRECTION==IN} -of_objects [get_nets -hierarchical -filter {PARENT=="pclk_IBUF_BUFG"}]]]
resize_pblock [get_pblocks {CLKAG_pclk_IBUF_BUFG}] -add {CLOCKREGION_X0Y1:CLOCKREGION_X0Y1 CLOCKREGION_X1Y1:CLOCKREGION_X1Y1}
#endgroup

# Clock net "clk_wiz/inst/clk_out4" driven by instance "clk_wiz/inst/clkout4_buf" located at site "BUFGCTRL_X0Y18"
#startgroup
create_pblock {CLKAG_clk_wiz/inst/clk_out4}
add_cells_to_pblock [get_pblocks  {CLKAG_clk_wiz/inst/clk_out4}] [get_cells -filter { PRIMITIVE_GROUP != I/O && IS_PRIMITIVE==1 && PRIMITIVE_LEVEL !=INTERNAL } -of_object [get_pins -filter {DIRECTION==IN} -of_objects [get_nets -hierarchical -filter {PARENT=="clk_wiz/inst/clk_out4"}]]]
resize_pblock [get_pblocks {CLKAG_clk_wiz/inst/clk_out4}] -add {CLOCKREGION_X0Y0:CLOCKREGION_X0Y0 CLOCKREGION_X0Y1:CLOCKREGION_X0Y1 CLOCKREGION_X0Y2:CLOCKREGION_X0Y2 CLOCKREGION_X0Y3:CLOCKREGION_X0Y3 CLOCKREGION_X1Y0:CLOCKREGION_X1Y0 CLOCKREGION_X1Y1:CLOCKREGION_X1Y1 CLOCKREGION_X1Y2:CLOCKREGION_X1Y2 CLOCKREGION_X1Y3:CLOCKREGION_X1Y3}
#endgroup

# Clock net "clk_wiz/inst/clk_out3" driven by instance "clk_wiz/inst/clkout3_buf" located at site "BUFGCTRL_X0Y16"
#startgroup
create_pblock {CLKAG_clk_wiz/inst/clk_out3}
add_cells_to_pblock [get_pblocks  {CLKAG_clk_wiz/inst/clk_out3}] [get_cells -filter { PRIMITIVE_GROUP != I/O && IS_PRIMITIVE==1 && PRIMITIVE_LEVEL !=INTERNAL && NAME!=xclk_OBUF_inst} -of_object [get_pins -filter {DIRECTION==IN} -of_objects [get_nets -hierarchical -filter {PARENT=="clk_wiz/inst/clk_out3"}]]]
resize_pblock [get_pblocks {CLKAG_clk_wiz/inst/clk_out3}] -add {CLOCKREGION_X0Y2:CLOCKREGION_X0Y2 CLOCKREGION_X0Y3:CLOCKREGION_X0Y3}
#endgroup

# Clock net "clk_wiz/inst/clk_out2" driven by instance "clk_wiz/inst/clkout2_buf" located at site "BUFGCTRL_X0Y17"
#startgroup
create_pblock {CLKAG_clk_wiz/inst/clk_out2}
add_cells_to_pblock [get_pblocks  {CLKAG_clk_wiz/inst/clk_out2}] [get_cells -filter { PRIMITIVE_GROUP != I/O && IS_PRIMITIVE==1 && PRIMITIVE_LEVEL !=INTERNAL } -of_object [get_pins -filter {DIRECTION==IN} -of_objects [get_nets -hierarchical -filter {PARENT=="clk_wiz/inst/clk_out2"}]]]
resize_pblock [get_pblocks {CLKAG_clk_wiz/inst/clk_out2}] -add {CLOCKREGION_X0Y1:CLOCKREGION_X0Y1 CLOCKREGION_X0Y2:CLOCKREGION_X0Y2 CLOCKREGION_X1Y1:CLOCKREGION_X1Y1 CLOCKREGION_X1Y2:CLOCKREGION_X1Y2}
#endgroup

# Clock net "clk_wiz/inst/clk_out1" driven by instance "clk_wiz/inst/clkout1_buf" located at site "BUFGCTRL_X0Y19"
#startgroup
create_pblock {CLKAG_clk_wiz/inst/clk_out1}
add_cells_to_pblock [get_pblocks  {CLKAG_clk_wiz/inst/clk_out1}] [get_cells -filter { PRIMITIVE_GROUP != I/O && IS_PRIMITIVE==1 && PRIMITIVE_LEVEL !=INTERNAL } -of_object [get_pins -filter {DIRECTION==IN} -of_objects [get_nets -hierarchical -filter {PARENT=="clk_wiz/inst/clk_out1"}]]]
resize_pblock [get_pblocks {CLKAG_clk_wiz/inst/clk_out1}] -add {CLOCKREGION_X0Y2:CLOCKREGION_X0Y2}
#endgroup
